2020-09-08 15:25:52 -  - exec CUpdateClientPartner::__CollectRequestData
2020-09-08 15:25:52 -  - exec CUpdateClientPartner::GetHTTPPage
2020-09-08 15:25:52 -  - exec CUpdateClientPartner::ParseServerData
2020-09-08 15:25:52 -  - exec CUpdateClientPartner::GetUpdatesList
2020-09-08 15:25:52 -  - exec CUpdateClientPartner::__CollectRequestData
2020-09-08 15:25:52 -  - utf=Y&lang=ru&stable=Y&CANGZIP=Y&SUPD_DBS=MYSQL&XE=N&CLIENT_SITE=larabix.anyman.su&LICENSE_KEY=X&SUPD_STS=1&SUPD_URS=1&SUPD_URSA=1&TYPENC=D&CLIENT_PHPVER=7.2.33&NGINX=Y&dbv=5.7.31&instm=main%2C20.0.650%2CY%3Babtest%2C18.5.0%2CN%3Badvertising%2C20.0.0%2CN%3Bb24connector%2C18.5.0%2CN%3Bbitrix.eshop%2C18.5.0%2CN%3Bbitrix.sitecommunity%2C15.5.0%2CN%3Bbitrix.sitecorporate%2C15.5.0%2CN%3Bbitrix.siteinfoportal%2C15.5.0%2CN%3Bbitrix.sitepersonal%2C15.5.0%2CN%3Bbitrixcloud%2C20.0.0%2CN%3Bbizproc%2C20.0.200%2CN%3Bbizprocdesigner%2C19.0.200%2CN%3Bblog%2C20.0.0%2CN%3Bcalendar%2C19.0.600%2CN%3Bcatalog%2C20.0.0%2CN%3Bclouds%2C20.0.0%2CN%3Bcompression%2C19.0.0%2CN%3Bcontroller%2C20.0.0%2CN%3Bconversion%2C18.5.1%2CN%3Bcrm%2C20.0.487%2CN%3Bcurrency%2C19.0.100%2CN%3Bdav%2C19.0.300%2CN%3Bdisk%2C19.0.650%2CN%3Bdocumentgenerator%2C18.7.800%2CN%3Bextranet%2C20.0.100%2CN%3Bfaceid%2C20.0.0%2CN%3Bfileman%2C18.5.700%2CN%3Bform%2C18.0.0%2CN%3Bforum%2C20.0.100%2CN%3Bhighloadblock%2C20.0.100%2CN%3Biblock%2C20.0.350%2CN%3Bidea%2C17.5.1%2CN%3Bim%2C19.0.850%2CN%3Bimbot%2C19.5.400%2CN%3Bimconnector%2C20.0.75%2CN%3Bimopenlines%2C19.0.750%2CN%3Bintranet%2C20.0.650%2CN%3Blanding%2C20.2.0%2CN%3Bldap%2C18.5.0%2CN%3Blearning%2C17.5.1%2CN%3Blists%2C20.0.0%2CN%3Bmail%2C20.0.450%2CN%3Bmeeting%2C18.5.0%2CN%3Bmessageservice%2C20.0.0%2CN%3Bml%2C19.0.0%2CN%3Bmobile%2C19.1.180%2CN%3Bmobileapp%2C19.0.200%2CN%3Bperfmon%2C20.0.0%2CN%3Bphotogallery%2C20.0.0%2CN%3Bpull%2C19.0.300%2CN%3Brecyclebin%2C18.0.100%2CN%3Breport%2C19.0.200%2CN%3Brest%2C20.0.150%2CN%3Bsale%2C20.0.275%2CN%3Bsalescenter%2C19.0.775%2CN%3Bscale%2C17.5.0%2CN%3Bsearch%2C18.5.200%2CN%3Bsecurity%2C19.0.0%2CN%3Bsender%2C19.0.700%2CN%3Bseo%2C20.0.0%2CN%3Bsocialnetwork%2C20.0.250%2CN%3Bsocialservices%2C19.0.200%2CN%3Bstatistic%2C18.5.0%2CN%3Bstoreassist%2C18.1.0%2CN%3Bsubscribe%2C20.0.0%2CN%3Bsupport%2C16.0.0%2CN%3Btasks%2C20.0.150%2CN%3Btimeman%2C20.0.150%2CN%3Btransformer%2C20.0.0%2CN%3Btranslate%2C19.0.100%2CN%3Bui%2C20.0.200%2CN%3Bvote%2C20.0.100%2CN%3Bvoximplant%2C19.0.475%2CN%3Bwebservice%2C18.0.0%2CN%3Bwiki%2C20.0.0%2CN%3Bworkflow%2C18.5.0%2CN%3Bxdimport%2C19.0.100%2CN%3Bxmpp%2C16.0.0%2CN&reqm=bitrix.eshop%2Cbitrix.sitecommunity%2Cbitrix.sitecorporate%2Cbitrix.siteinfoportal%2Cbitrix.sitepersonal&fullmoduleinfo=Y&SUPD_SRS=RU&SUPD_CMP=N
2020-09-08 15:25:52 -  - exec CUpdateClientPartner::GetHTTPPage
2020-09-08 15:25:53 -  - TIME GetUpdatesList(request) 0.374 sec
2020-09-08 15:25:53 -  - exec CUpdateClientPartner::ParseServerData
2020-09-08 15:25:53 -  - exec CUpdateClientPartner::__CollectRequestData
2020-09-08 15:25:53 -  - exec CUpdateClientPartner::GetHTTPPage
2020-09-08 15:25:53 -  - exec CUpdateClientPartner::ParseServerData
2020-09-15 17:19:15 -  - exec CUpdateClientPartner::__CollectRequestData
2020-09-15 17:19:15 -  - exec CUpdateClientPartner::GetHTTPPage
2020-09-15 17:19:15 -  - exec CUpdateClientPartner::ParseServerData
2020-09-15 17:19:15 -  - exec CUpdateClientPartner::GetUpdatesList
2020-09-15 17:19:15 -  - exec CUpdateClientPartner::__CollectRequestData
2020-09-15 17:19:15 -  - utf=Y&lang=ru&stable=Y&CANGZIP=Y&SUPD_DBS=MYSQL&XE=N&CLIENT_SITE=larabix.anyman.su&LICENSE_KEY=X&SUPD_STS=1&SUPD_URS=1&SUPD_URSA=1&TYPENC=E&CLIENT_PHPVER=7.2.33&NGINX=Y&dbv=5.7.31&instm=main%2C20.0.1800%2CN%3Babtest%2C18.5.0%2CN%3Badvertising%2C20.5.0%2CN%3Bb24connector%2C20.5.0%2CN%3Bbitrix.eshop%2C18.5.0%2CN%3Bbitrix.sitecommunity%2C15.5.0%2CN%3Bbitrix.sitecorporate%2C15.5.0%2CN%3Bbitrix.siteinfoportal%2C15.5.0%2CN%3Bbitrix.sitepersonal%2C15.5.0%2CN%3Bbitrixcloud%2C20.5.0%2CN%3Bbizproc%2C20.0.1000%2CN%3Bbizprocdesigner%2C20.0.100%2CN%3Bblog%2C20.0.200%2CN%3Bcalendar%2C20.0.800%2CN%3Bcatalog%2C20.0.380%2CN%3Bclouds%2C20.0.100%2CN%3Bcontroller%2C20.5.0%2CN%3Bconversion%2C18.5.1%2CN%3Bcrm%2C20.5.350%2CN%3Bcurrency%2C20.0.300%2CN%3Bdav%2C19.0.400%2CN%3Bdisk%2C20.0.350%2CN%3Bdocumentgenerator%2C20.0.100%2CN%3Bextranet%2C20.0.250%2CN%3Bfaceid%2C20.0.0%2CN%3Bfileman%2C20.0.500%2CN%3Bform%2C18.0.0%2CN%3Bforum%2C20.0.500%2CN%3Bhighloadblock%2C20.0.300%2CN%3Biblock%2C20.0.760%2CN%3Bidea%2C17.5.1%2CN%3Bim%2C20.0.893%2CN%3Bimbot%2C20.5.400%2CN%3Bimconnector%2C20.0.893%2CN%3Bimopenlines%2C20.0.793%2CN%3Bintranet%2C20.5.687%2CN%3Blanding%2C20.4.0%2CN%3Bldap%2C20.5.200%2CN%3Blearning%2C17.5.1%2CN%3Blists%2C20.0.600%2CN%3Bmail%2C20.6.300%2CN%3Bmeeting%2C18.5.0%2CN%3Bmessageservice%2C20.0.0%2CN%3Bml%2C19.0.0%2CN%3Bmobile%2C20.5.287%2CN%3Bmobileapp%2C20.0.100%2CN%3Bperfmon%2C20.5.0%2CN%3Bphotogallery%2C20.0.100%2CN%3Bpull%2C20.5.300%2CN%3Brecyclebin%2C20.0.100%2CN%3Breport%2C20.0.0%2CN%3Brest%2C20.0.600%2CN%3Bsale%2C20.0.698%2CN%3Bsalescenter%2C20.0.287%2CN%3Bscale%2C17.5.0%2CN%3Bsearch%2C20.5.0%2CN%3Bsecurity%2C20.5.0%2CN%3Bsender%2C20.0.300%2CN%3Bseo%2C20.0.150%2CN%3Bsocialnetwork%2C20.5.600%2CN%3Bsocialservices%2C20.0.200%2CN%3Bstatistic%2C20.5.100%2CN%3Bstoreassist%2C18.1.0%2CN%3Bsubscribe%2C20.5.0%2CN%3Bsupport%2C16.0.0%2CN%3Btasks%2C20.6.287%2CN%3Btimeman%2C20.0.350%2CN%3Btransformer%2C20.0.0%2CN%3Btranslate%2C19.0.600%2CN%3Bui%2C20.5.400%2CN%3Bvote%2C20.0.400%2CN%3Bvoximplant%2C20.5.50%2CN%3Bwebservice%2C18.0.0%2CN%3Bwiki%2C20.0.0%2CN%3Bworkflow%2C20.5.0%2CN%3Bxdimport%2C19.0.100%2CN%3Bxmpp%2C16.0.0%2CN%3Bwebdav%2C18.5.0%2CN%3Brpa%2C20.0.700%2CN%3Blocation%2C20.5.500%2CN&reqm=bitrix.eshop%2Cbitrix.sitecommunity%2Cbitrix.sitecorporate%2Cbitrix.siteinfoportal%2Cbitrix.sitepersonal&fullmoduleinfo=Y&SUPD_SRS=RU&SUPD_CMP=N
2020-09-15 17:19:15 -  - exec CUpdateClientPartner::GetHTTPPage
2020-09-15 17:19:15 -  - TIME GetUpdatesList(request) 0.37 sec
2020-09-15 17:19:15 -  - exec CUpdateClientPartner::ParseServerData
2020-09-15 17:19:15 -  - exec CUpdateClientPartner::__CollectRequestData
2020-09-15 17:19:15 -  - exec CUpdateClientPartner::GetHTTPPage
2020-09-15 17:19:16 -  - exec CUpdateClientPartner::ParseServerData
2020-09-15 17:39:56 -  - exec CUpdateClientPartner::GetUpdatesList
2020-09-15 17:39:56 -  - exec CUpdateClientPartner::__CollectRequestData
2020-09-15 17:39:56 -  - utf=Y&lang=ru&stable=Y&CANGZIP=Y&SUPD_DBS=MYSQL&XE=N&CLIENT_SITE=larabix.anyman.su&LICENSE_KEY=X&SUPD_STS=1&SUPD_URS=1&SUPD_URSA=1&TYPENC=E&CLIENT_PHPVER=7.2.33&NGINX=Y&dbv=5.7.31&instm=main%2C20.0.1800%2CN%3Babtest%2C18.5.0%2CN%3Badvertising%2C20.5.0%2CN%3Bb24connector%2C20.5.0%2CN%3Bbitrix.eshop%2C18.5.0%2CN%3Bbitrix.sitecommunity%2C15.5.0%2CN%3Bbitrix.sitecorporate%2C15.5.0%2CN%3Bbitrix.siteinfoportal%2C15.5.0%2CN%3Bbitrix.sitepersonal%2C15.5.0%2CN%3Bbitrixcloud%2C20.5.0%2CN%3Bbizproc%2C20.0.1000%2CN%3Bbizprocdesigner%2C20.0.100%2CN%3Bblog%2C20.0.200%2CN%3Bcalendar%2C20.0.800%2CN%3Bcatalog%2C20.0.380%2CN%3Bclouds%2C20.0.100%2CN%3Bcontroller%2C20.5.0%2CN%3Bconversion%2C18.5.1%2CN%3Bcrm%2C20.5.350%2CN%3Bcurrency%2C20.0.300%2CN%3Bdav%2C19.0.400%2CN%3Bdisk%2C20.0.350%2CN%3Bdocumentgenerator%2C20.0.100%2CN%3Bextranet%2C20.0.250%2CN%3Bfaceid%2C20.0.0%2CN%3Bfileman%2C20.0.500%2CN%3Bform%2C18.0.0%2CN%3Bforum%2C20.0.500%2CN%3Bhighloadblock%2C20.0.300%2CN%3Biblock%2C20.0.760%2CN%3Bidea%2C17.5.1%2CN%3Bim%2C20.0.893%2CN%3Bimbot%2C20.5.400%2CN%3Bimconnector%2C20.0.893%2CN%3Bimopenlines%2C20.0.793%2CN%3Bintranet%2C20.5.687%2CN%3Blanding%2C20.4.0%2CN%3Bldap%2C20.5.200%2CN%3Blearning%2C17.5.1%2CN%3Blists%2C20.0.600%2CN%3Bmail%2C20.6.300%2CN%3Bmeeting%2C18.5.0%2CN%3Bmessageservice%2C20.0.0%2CN%3Bml%2C19.0.0%2CN%3Bmobile%2C20.5.287%2CN%3Bmobileapp%2C20.0.100%2CN%3Bperfmon%2C20.5.0%2CN%3Bphotogallery%2C20.0.100%2CN%3Bpull%2C20.5.300%2CN%3Brecyclebin%2C20.0.100%2CN%3Breport%2C20.0.0%2CN%3Brest%2C20.0.600%2CN%3Bsale%2C20.0.698%2CN%3Bsalescenter%2C20.0.287%2CN%3Bscale%2C17.5.0%2CN%3Bsearch%2C20.5.0%2CN%3Bsecurity%2C20.5.0%2CN%3Bsender%2C20.0.300%2CN%3Bseo%2C20.0.150%2CN%3Bsocialnetwork%2C20.5.600%2CN%3Bsocialservices%2C20.0.200%2CN%3Bstatistic%2C20.5.100%2CN%3Bstoreassist%2C18.1.0%2CN%3Bsubscribe%2C20.5.0%2CN%3Bsupport%2C16.0.0%2CN%3Btasks%2C20.6.287%2CN%3Btimeman%2C20.0.350%2CN%3Btransformer%2C20.0.0%2CN%3Btranslate%2C19.0.600%2CN%3Bui%2C20.5.400%2CN%3Bvote%2C20.0.400%2CN%3Bvoximplant%2C20.5.50%2CN%3Bwebservice%2C18.0.0%2CN%3Bwiki%2C20.0.0%2CN%3Bworkflow%2C20.5.0%2CN%3Bxdimport%2C19.0.100%2CN%3Bxmpp%2C16.0.0%2CN%3Bwebdav%2C18.5.0%2CN%3Brpa%2C20.0.700%2CN%3Blocation%2C20.5.500%2CN&reqm=bitrix.eshop%2Cbitrix.sitecommunity%2Cbitrix.sitecorporate%2Cbitrix.siteinfoportal%2Cbitrix.sitepersonal&fullmoduleinfo=Y&SUPD_SRS=RU&SUPD_CMP=N
2020-09-15 17:39:56 -  - exec CUpdateClientPartner::GetHTTPPage
2020-09-15 17:39:57 -  - TIME GetUpdatesList(request) 0.385 sec
2020-09-15 17:39:57 -  - exec CUpdateClientPartner::ParseServerData
