2020-Sep-08 15:33:22 Наличие необходимых модулей php (check_php_modules): Ok
Все необходимые модули установлены
2020-Sep-08 15:33:22 Обязательные параметры PHP (check_php_settings): Ok
Настройки правильные
2020-Sep-08 15:33:22 Модули веб-сервера (check_security): Ok
Конфликтов не выявлено
2020-Sep-08 15:33:22 Значения переменных сервера (check_server_vars): Ok
Корректные
2020-Sep-08 15:33:22 Сохранение сессии (check_session): Ok
50% done
2020-Sep-08 15:33:22 Сохранение сессии (check_session): Ok
Успешно
2020-Sep-08 15:33:22 Параметры настройки UTF (mbstring и константа BX_UTF) (check_mbstring): Ok
Правильные. Сайт работает в UTF кодировке
2020-Sep-08 15:33:22 Служебные скрипты в корне сайта (check_install_scripts): Ok
Отсутствуют
2020-Sep-08 15:33:22 Работа с сокетами (check_socket): Fail
Connection to larabix.anyman.su:80	Fail
Socket error [111]: Connection refused

Ошибка! Не работает
2020-Sep-08 15:33:22 Выполнение агентов на cron (check_bx_crontab): Warning
Замечание. Агенты выполняются на хитах, рекомендуется перевести выполнение агентов на cron
2020-Sep-08 15:33:22 Бизнес-чат в реальном времени (check_pull_stream): Fail
Server version: 4 (Bitrix Push server)
Connection to larabix.anyman.su:80	Fail
Socket error [111]: Connection refused

Ошибка! Не удалось подключиться к модулю nginx-push-stream чтения мгновенных сообщений
2020-Sep-08 15:33:22 Живые комментарии в ленте сообщений (check_pull_comments): Fail
Ошибка! Не настроен модуль nginx push-stream, который необходим для отображения комментариев в живой ленте в реальном режиме времени
2020-Sep-08 15:33:22 Видеозвонки (check_turn): Fail
Ошибка! Не настроен модуль nginx push-stream, который необходим для осуществления видеозвонков
2020-Sep-08 15:33:23 Мобильное приложение Битрикс24 (check_access_mobile): Warning
Connection to checker.internal.bitrix24.com:80	Success
== Request ==
GET /check/?license_hash=ee054a156a095bf850f0e0539a11dc45&host=larabix.anyman.su&port=80&https=N HTTP/1.1
host: checker.internal.bitrix24.com


== Response ==
HTTP/1.1 200 OK
Content-Type: text/plain
Date: Tue, 08 Sep 2020 12:33:23 GMT
Server: nginx/1.8.1
X-Powered-By: PHP/5.3.3
Content-Length: 46
Connection: keep-alive

== Body ==
Check: OK
Status: 200
Connection: keep-alive

==========

Замечание. Не включена опция модуля Push and Pull отправки PUSH уведомлений. PUSH уведомления не будут приходить на мобильные устройства.
2020-Sep-08 15:33:23 Уведомления пользователям на мобильные устройства (push уведомления) (check_push_bitrix): Warning
Замечание. Не включена опция модуля Push and Pull отправки PUSH уведомлений. PUSH уведомления не будут приходить на мобильные устройства.
2020-Sep-08 15:33:23 Работа с документами через Google Docs и MS Office Online (check_access_docs): Ok
Успешно
2020-Sep-08 15:33:23 Битрикс24.Диск. Быстрая работа с файлами (check_fast_download): Warning
Замечание. Не удалось проверить из-за ошибки в работе с сокетами
2020-Sep-08 15:33:23 Поиск по содержимому документов (check_search): Ok
Успешно
2020-Sep-08 15:33:23 Отправка почтовых уведомлений (check_mail): Fail
Ошибка! Не работает
2020-Sep-08 15:33:24 Доступ к облачным сервисам 1С-Битрикс (check_ca_file): Ok
Успешно
2020-Sep-08 15:33:24 Интеграция с почтой внутри компании (check_connect_mail): Warning
Замечание. Интеграция с внешними почтовыми сервисами доступна, но ни один пользователь не выполнил настройку
2020-Sep-08 15:33:24 Интеграция с соцсетями (check_socnet): Warning
Замечание. Не настроен ни один социальный сервис в настройках модуля социальных сервисов
2020-Sep-08 15:33:24 Работа с REST API (check_rest): Ok
Успешно
2020-Sep-08 15:33:24 Публикация сообщений в живую ленту из почты (check_mail_push): Warning
Замечание. Не удалось получить MX запись для домена larabix.anyman.su
2020-Sep-08 15:33:24 Доступ снаружи к Экстранет (check_extranet): Ok
Успешно
2020-Sep-08 15:33:24 Редактирование документов в MS Office (check_webdav): Warning
Замечание. Не удалось проверить из-за ошибки в работе с сокетами
2020-Sep-08 15:33:24 Интеграция с внешними приложениями (MS Office, Outlook, Exchange) через безопасное подключение к порталу (check_socket_ssl): Warning
Connection to ssl://larabix.anyman.su:443 (certificate check enabled)	Fail
Connection to ssl://larabix.anyman.su:443	Fail

Замечание. Не удалось подключиться к https://larabix.anyman.su
2020-Sep-08 15:33:24 Интеграция с Active Directory (check_ad): Warning
Замечание. Интеграция с AD сервером не настроена
2020-Sep-08 15:33:24 Единая авторизация в Windows сети (NTLM) (check_ntlm): Warning
Замечание. Выключена опция использования NTLM авторизации в настройках модуля ldap
2020-Sep-08 15:33:24 Оценка производительности сервера (check_perf): Warning
Замечание. Не удалось проверить из-за ошибки в работе с сокетами
2020-Sep-08 15:33:24 Ускорение открытия страниц (check_compression): Warning
Замечание. Не удалось проверить из-за ошибки в работе с сокетами
